app/build/outputs/mapping/release/seeds.txt
app.vercel.lista_de_tarefas_git_main_erick_carmos_projects.twa.Application
app.vercel.lista_de_tarefas_git_main_erick_carmos_projects.twa.LauncherActivity
app.vercel.lista_de_tarefas_git_main_erick_carmos_projects.twa.DelegationService
app.vercel.lista_de_tarefas_git_main_erick_carmos_projects.twa.Application: Application()
app.vercel.lista_de_tarefas_git_main_erick_carmos_projects.twa.DelegationService: DelegationService()
app.vercel.lista_de_tarefas_git_main_erick_carmos_projects.twa.LauncherActivity: LauncherActivity()
...
android.support.v4.graphics.drawable.IconCompatParcelizer
com.google.androidbrowserhelper.trusted.NotificationPermissionRequestActivity
androidx.lifecycle.SingleGeneratedAdapterObserver
androidx.versionedparcelable.ParcelImpl
androidx.lifecycle.FullLifecycleObserverAdapter
androidx.core.graphics.drawable.IconCompatParcelizer
com.google.androidbrowserhelper.trusted.ManageDataLauncherActivity
com.google.androidbrowserhelper.trusted.FocusActivity
androidx.core.app.CoreComponentFactory
androidx.lifecycle.ReflectiveGenericLifecycleObserver
androidx.core.content.FileProvider
androidx.versionedparcelable.CustomVersionedParcelable
androidx.core.app.RemoteActionCompat
androidx.core.app.RemoteActionCompatParcelizer
com.google.androidbrowserhelper.trusted.WebViewFallbackActivity
androidx.core.graphics.drawable.IconCompat
androidx.annotation.Keep
androidx.lifecycle.CompositeGeneratedAdaptersObserver
androidx.browser.browseractions.BrowserActionsFallbackMenuView
android.support.v4.app.RemoteActionCompatParcelizer
androidx.versionedparcelable.ParcelImpl: android.os.Parcelable$Creator CREATOR
android.support.v4.app.RemoteActionCompatParcelizer: androidx.core.app.RemoteActionCompat read(androidx.versionedparcelable.VersionedParcel)
androidx.core.app.RemoteActionCompatParcelizer: androidx.core.app.RemoteActionCompat read(androidx.versionedparcelable.VersionedParcel)
android.support.v4.app.RemoteActionCompatParcelizer: void write(androidx.core.app.RemoteActionCompat,androidx.versionedparcelable.VersionedParcel)
androidx.core.graphics.drawable.IconCompatParcelizer: void write(androidx.core.graphics.drawable.IconCompat,androidx.versionedparcelable.VersionedParcel)
com.google.androidbrowserhelper.trusted.NotificationPermissionRequestActivity: NotificationPermissionRequestActivity()
androidx.browser.browseractions.BrowserActionsFallbackMenuView: BrowserActionsFallbackMenuView(android.content.Context,android.util.AttributeSet)
androidx.core.app.RemoteActionCompatParcelizer: RemoteActionCompatParcelizer()
android.support.v4.graphics.drawable.IconCompatParcelizer: void write(androidx.core.graphics.drawable.IconCompat,androidx.versionedparcelable.VersionedParcel)
com.google.androidbrowserhelper.trusted.FocusActivity: FocusActivity()
com.google.androidbrowserhelper.trusted.WebViewFallbackActivity: WebViewFallbackActivity()
androidx.core.graphics.drawable.IconCompatParcelizer: IconCompatParcelizer()
androidx.core.app.CoreComponentFactory: CoreComponentFactory()
android.support.v4.app.RemoteActionCompatParcelizer: RemoteActionCompatParcelizer()
androidx.versionedparcelable.CustomVersionedParcelable: CustomVersionedParcelable()
androidx.core.app.RemoteActionCompatParcelizer: void write(androidx.core.app.RemoteActionCompat,androidx.versionedparcelable.VersionedParcel)
androidx.core.graphics.drawable.IconCompatParcelizer: androidx.core.graphics.drawable.IconCompat read(androidx.versionedparcelable.VersionedParcel)
androidx.core.content.FileProvider: FileProvider()
android.support.v4.graphics.drawable.IconCompatParcelizer: androidx.core.graphics.drawable.IconCompat read(androidx.versionedparcelable.VersionedParcel)
com.google.androidbrowserhelper.trusted.ManageDataLauncherActivity: ManageDataLauncherActivity()
android.support.v4.graphics.drawable.IconCompatParcelizer: IconCompatParcelizer()
androidx.core.app.RemoteActionCompat: RemoteActionCompat()
androidx.core.graphics.drawable.IconCompat: IconCompat()