app/build/outputs/mapping/release/mapping.txt
# compiler: R8
# compiler_version: 8.5.10
# min_api: 21
# common_typos_disable
# {"id":"com.android.tools.r8.mapping","version":"2.2"}
# pg_map_id: 917f4a3
# pg_map_hash: SHA-256 917f4a36dc893c5e949671bfe30981c571f3177ea2d64388e3b4fe4f636f3a90
app.vercel.lista_de_tarefas_git_main_erick_carmos_projects.twa.Application -> app.vercel.lista_de_tarefas_git_main_erick_carmos_projects.twa.Application:
# {"id":"sourceFile","fileName":"Application.java"}
app.vercel.lista_de_tarefas_git_main_erick_carmos_projects.twa.DelegationService -> app.vercel.lista_de_tarefas_git_main_erick_carmos_projects.twa.DelegationService:
# {"id":"sourceFile","fileName":"DelegationService.java"}
app.vercel.lista_de_tarefas_git_main_erick_carmos_projects.twa.LauncherActivity -> app.vercel.lista_de_tarefas_git_main_erick_carmos_projects.twa.LauncherActivity:
# {"id":"sourceFile","fileName":"LauncherActivity.java"}
    1:1:android.net.Uri getLaunchingUrl():0:0 -> h
...
com.google.androidbrowserhelper.trusted.QualityEnforcer$$ExternalSyntheticLambda0 -> n.z:
# {"id":"sourceFile","fileName":"R8$$SyntheticClass"}
# {"id":"com.android.tools.r8.synthesized"}
    1:1:void n.QualityEnforcer$$ExternalSyntheticLambda0.<init>():0:0 -> <init>
      # {"id":"com.android.tools.r8.synthesized"}
    1:1:void n.QualityEnforcer$$ExternalSyntheticLambda0.crash(java.lang.String):0:0 -> a
      # {"id":"com.android.tools.r8.synthesized"}
com.google.androidbrowserhelper.trusted.QualityEnforcer$$ExternalSyntheticLambda1 -> n.A:
# {"id":"sourceFile","fileName":"R8$$SyntheticClass"}
# {"id":"com.android.tools.r8.synthesized"}
    java.lang.String com.google.androidbrowserhelper.trusted.QualityEnforcer$$InternalSyntheticLambda$3$3b69d296e4617850fa0b4437bff84a5384ff1b0f4217de8559dce21e574c0196$0.f$0 -> a
      # {"id":"com.android.tools.r8.synthesized"}
    1:1:void n.QualityEnforcer$$ExternalSyntheticLambda1.<init>(java.lang.String):0:0 -> <init>
      # {"id":"com.android.tools.r8.synthesized"}
    1:1:void n.QualityEnforcer$$ExternalSyntheticLambda1.run():0:0 -> run
      # {"id":"com.android.tools.r8.synthesized"}
com.google.androidbrowserhelper.trusted.QualityEnforcer$Delegate -> n.B$a:
# {"id":"sourceFile","fileName":"QualityEnforcer.java"}
    void crash(java.lang.String) -> a
com.google.androidbrowserhelper.trusted.SharedPreferencesTokenStore -> n.C:
# {"id":"sourceFile","fileName":"SharedPreferencesTokenStore.java"}
    android.content.Context mContext -> a
    1:10:void <init>(android.content.Context):0:0 -> <init>
    1:40:void store(androidx.browser.trusted.Token):0:0 -> a
      # {"id":"com.android.tools.r8.residualsignature","signature":"(Lf/k;)V"}
    1:26:androidx.browser.trusted.Token load():0:0 -> b
      # {"id":"com.android.tools.r8.residualsignature","signature":"()Lf/k;"}
com.google.androidbrowserhelper.trusted.SharingUtils -> n.D:
# {"id":"sourceFile","fileName":"SharingUtils.java"}
    1:25:boolean isShareIntent(android.content.Intent):0:0 -> a
    1:42:java.util.List parseAcceptedTypes(java.lang.Object):0:0 -> b
    5:52:java.util.List parseFiles(org.json.JSONArray):0:0 -> c
    1:63:androidx.browser.trusted.sharing.ShareTarget parseShareTargetJson(java.lang.String):0:0 -> d
      # {"id":"com.android.tools.r8.residualsignature","signature":"(Ljava/lang/String;)Lg/b;"}
    1:57:androidx.browser.trusted.sharing.ShareData retrieveShareDataFromIntent(android.content.Intent):0:0 -> e
      # {"id":"com.android.tools.r8.residualsignature","signature":"(Landroid/content/Intent;)Lg/a;"}
com.google.androidbrowserhelper.trusted.TwaLauncher -> n.J:
# {"id":"sourceFile","fileName":"TwaLauncher.java"}
    android.content.Context mContext -> a
    java.lang.String mProviderPackage -> b
    int mLaunchMode -> c
    int mSessionId -> d
    com.google.androidbrowserhelper.trusted.TwaLauncher$TwaCustomTabsServiceConnection mServiceConnection -> e
      # {"id":"com.android.tools.r8.residualsignature","signature":"Ln/J$b;"}
    androidx.browser.customtabs.CustomTabsSession mSession -> f
      # {"id":"com.android.tools.r8.residualsignature","signature":"Le/f;"}
    androidx.browser.trusted.TokenStore mTokenStore -> g
      # {"id":"com.android.tools.r8.residualsignature","signature":"Lf/n;"}
    boolean mDestroyed -> h
    com.google.androidbrowserhelper.trusted.TwaLauncher$FallbackStrategy CCT_FALLBACK_STRATEGY -> i
      # {"id":"com.android.tools.r8.residualsignature","signature":"Ln/J$a;"}
    com.google.androidbrowserhelper.trusted.TwaLauncher$FallbackStrategy WEBVIEW_FALLBACK_STRATEGY -> j
      # {"id":"com.android.tools.r8.residualsignature","signature":"Ln/J$a;"}
    1:15:void <clinit>():0:0 -> <clinit>
    1:1:void <init>(android.content.Context):0:0 -> <init>
    2:2:void <init>(android.content.Context,java.lang.String):0:0 -> <init>
    3:3:void <init>(android.content.Context,java.lang.String,int,androidx.browser.trusted.TokenStore):0:0 -> <init>